[2024-07-05T10:44:02.959814+00:00] article_logger.INFO: Displayed Article List. [] []
[2024-07-05T10:44:23.243212+00:00] article_logger.INFO: Created new article with title: Book123456 [] []
[2024-07-05T10:44:23.380315+00:00] article_logger.INFO: Displayed Article List. [] []
[2024-07-05T10:46:47.395921+00:00] article_logger.INFO: Created new article with title: sldamsdms; [] []
[2024-07-05T10:46:47.508323+00:00] article_logger.INFO: Displayed Article List. [] []
[2024-07-05T10:51:38.946462+00:00] article_logger.INFO: Displayed article with id: 1 [] []
[2024-07-05T10:52:04.411707+00:00] article_logger.INFO: Displayed Article List. [] []
[2024-07-05T10:52:08.921667+00:00] article_logger.INFO: Displayed article with id: 1 [] []
[2024-07-05T10:52:10.887093+00:00] article_logger.INFO: Editing article with id: 1 [] []
[2024-07-05T10:52:20.729624+00:00] article_logger.INFO: Updated Article with id:1 [] []
[2024-07-05T10:52:20.835867+00:00] article_logger.INFO: Displayed article with id: 1 [] []
[2024-07-05T10:52:24.479010+00:00] article_logger.INFO: Displayed Article List. [] []
[2024-07-05T10:52:27.485962+00:00] article_logger.INFO: Displayed article with id: 1 [] []
[2024-07-05T10:52:55.172967+00:00] article_logger.INFO: Displayed Article List. [] []
[2024-07-05T10:52:58.473512+00:00] article_logger.INFO: Displayed Article List. [] []
[2024-07-05T10:53:11.552440+00:00] article_logger.INFO: Created new article with title: aaaaaaaaaaa [] []
[2024-07-05T10:53:11.631735+00:00] article_logger.INFO: Displayed Article List. [] []
[2024-07-05T10:54:30.258572+00:00] article_logger.INFO: Displayed article with id: 3 [] []
[2024-07-05T10:55:55.648309+00:00] article_logger.INFO: Displayed article with id: 3 [] []
[2024-07-05T10:58:36.424612+00:00] article_logger.INFO: Displayed Article List. [] []
[2024-07-05T10:58:45.273278+00:00] article_logger.INFO: Displayed article with id: 3 [] []
[2024-07-05T10:58:49.645747+00:00] article_logger.INFO: Displayed Article List. [] []
[2024-07-05T10:59:02.779547+00:00] article_logger.INFO: Created new article with title: asbdjk [] []
[2024-07-05T10:59:02.863299+00:00] article_logger.INFO: Displayed Article List. [] []
[2024-07-05T10:59:15.238014+00:00] article_logger.INFO: Created new article with title: asdaaaasdknlknasnd''''''''''''''''' [] []
[2024-07-05T10:59:15.321954+00:00] article_logger.INFO: Displayed Article List. [] []
[2024-07-05T10:59:20.538895+00:00] article_logger.INFO: Displayed Article List. [] []
[2024-07-05T10:59:23.364266+00:00] article_logger.INFO: Displayed article with id: 4 [] []
[2024-07-05T10:59:26.459662+00:00] article_logger.INFO: Editing article with id: 4 [] []
[2024-07-05T10:59:35.926493+00:00] article_logger.INFO: Updated Article with id:4 [] []
[2024-07-05T10:59:36.027735+00:00] article_logger.INFO: Displayed article with id: 4 [] []
[2024-07-05T10:59:38.829462+00:00] article_logger.INFO: Editing article with id: 4 [] []
[2024-07-05T10:59:41.114071+00:00] article_logger.INFO: Updated Article with id:4 [] []
[2024-07-05T10:59:41.197064+00:00] article_logger.INFO: Displayed article with id: 4 [] []
[2024-07-05T10:59:42.754753+00:00] article_logger.INFO: Displayed Article List. [] []
[2024-07-05T10:59:51.188377+00:00] article_logger.INFO: Created new article with title:  [] []
[2024-07-05T10:59:51.281213+00:00] article_logger.INFO: Displayed Article List. [] []
[2024-07-05T11:00:54.059660+00:00] article_logger.INFO: Created new article with title: aaa [] []
[2024-07-05T11:00:54.141314+00:00] article_logger.INFO: Displayed Article List. [] []
[2024-07-05T11:01:01.359576+00:00] article_logger.INFO: Created new article with title: aaa [] []
[2024-07-05T11:01:01.446155+00:00] article_logger.INFO: Displayed Article List. [] []
[2024-07-05T11:01:03.052349+00:00] article_logger.INFO: Displayed Article List. [] []
[2024-07-05T11:01:03.819633+00:00] article_logger.INFO: Displayed Article List. [] []
[2024-07-05T11:01:06.373555+00:00] article_logger.INFO: Displayed Article List. [] []
[2024-07-05T11:01:10.392836+00:00] article_logger.INFO: Displayed Article List. [] []
[2024-07-05T11:01:40.172079+00:00] article_logger.INFO: Created new article with title: asdadsd [] []
[2024-07-05T11:01:40.262510+00:00] article_logger.INFO: Displayed Article List. [] []
[2024-07-05T11:01:52.090307+00:00] article_logger.INFO: Created new article with title: 1234567890 [] []
[2024-07-05T11:01:52.169221+00:00] article_logger.INFO: Displayed Article List. [] []
[2024-07-05T11:01:54.351726+00:00] article_logger.INFO: Displayed article with id: 10 [] []
[2024-07-05T11:01:57.696704+00:00] article_logger.INFO: Displayed Article List. [] []
[2024-07-05T11:02:25.442059+00:00] article_logger.INFO: Displayed Article List. [] []
[2024-07-05T11:07:10.673721+00:00] article_logger.INFO: Displayed article with id: 2 [] []
[2024-07-05T11:07:21.070186+00:00] article_logger.INFO: Displayed article with id: 2 [] []
[2024-07-05T11:07:22.313348+00:00] article_logger.INFO: Displayed article with id: 2 [] []
[2024-07-05T11:07:25.462997+00:00] article_logger.INFO: Displayed Article List. [] []
[2024-07-05T11:07:26.808216+00:00] article_logger.INFO: Displayed article with id: 10 [] []
[2024-07-05T11:07:28.152774+00:00] article_logger.INFO: Displayed Article List. [] []
[2024-07-05T11:08:12.587689+00:00] article_logger.INFO: Displayed Article List. [] []
[2024-07-05T11:08:13.767512+00:00] article_logger.INFO: Displayed Article List. [] []
[2024-07-05T11:08:17.930857+00:00] article_logger.INFO: Displayed article with id: 3 [] []
[2024-07-05T11:08:20.446732+00:00] article_logger.INFO: Displayed Article List. [] []
[2024-07-05T11:10:25.512607+00:00] article_logger.INFO: Displayed Article List. [] []
[2024-07-05T11:10:27.430367+00:00] article_logger.INFO: Displayed article with id: 9 [] []
[2024-07-05T11:10:30.476384+00:00] article_logger.INFO: Displayed Article List. [] []
[2024-07-05T11:10:39.600659+00:00] article_logger.INFO: Displayed Article List. [] []
[2024-07-05T11:11:09.837600+00:00] article_logger.INFO: Displayed Article List. [] []
[2024-07-05T11:11:24.069989+00:00] article_logger.INFO: Displayed Article List. [] []
[2024-07-05T11:19:29.730249+00:00] article_logger.INFO: Displayed Article List. [] []
[2024-07-05T11:19:32.229211+00:00] article_logger.INFO: Displayed article with id: 10 [] []
[2024-07-05T11:19:38.726656+00:00] article_logger.INFO: Displayed Article List. [] []
[2024-07-05T11:25:22.394932+00:00] article_logger.INFO: Displayed Article List. [] []
[2024-07-05T11:25:36.861810+00:00] article_logger.INFO: Created new article with title: masdmal [] []
[2024-07-05T11:25:36.944894+00:00] article_logger.INFO: Displayed Article List. [] []
[2024-07-05T11:25:39.449159+00:00] article_logger.INFO: Displayed article with id: 11 [] []
[2024-07-05T11:25:41.413078+00:00] article_logger.INFO: Displayed Article List. [] []
[2024-07-05T11:25:46.686610+00:00] article_logger.INFO: Displayed article with id: 2 [] []
[2024-07-05T11:25:48.717967+00:00] article_logger.INFO: Displayed Article List. [] []
[2024-07-05T11:25:57.244829+00:00] article_logger.INFO: Displayed Article List. [] []
[2024-07-05T11:26:01.402682+00:00] article_logger.INFO: Editing article with id: 9 [] []
[2024-07-05T11:26:08.936027+00:00] article_logger.INFO: Updated Article with id:9 [] []
[2024-07-05T11:26:09.026367+00:00] article_logger.INFO: Displayed article with id: 9 [] []
[2024-07-05T11:26:10.586401+00:00] article_logger.INFO: Displayed Article List. [] []
[2024-07-05T11:26:46.107544+00:00] article_logger.INFO: Displayed article with id: 2 [] []
[2024-07-05T11:26:47.719340+00:00] article_logger.INFO: Editing article with id: 2 [] []
[2024-07-05T11:27:21.705020+00:00] article_logger.INFO: Updated Article with id:2 [] []
[2024-07-05T11:27:21.817292+00:00] article_logger.INFO: Displayed article with id: 2 [] []
[2024-07-05T11:27:23.496491+00:00] article_logger.INFO: Displayed Article List. [] []
[2024-07-05T11:36:13.100581+00:00] article_logger.INFO: Created new article with title: A book [] []
[2024-07-05T11:36:13.215738+00:00] article_logger.INFO: Displayed Article List. [] []
[2024-07-05T11:36:16.506436+00:00] article_logger.INFO: Displayed Article List. [] []
[2024-07-05T11:44:31.695448+00:00] article_logger.INFO: Displayed article with id: 2 [] []
[2024-07-05T11:44:33.224621+00:00] article_logger.INFO: Editing article with id: 2 [] []
[2024-07-05T11:44:38.713620+00:00] article_logger.INFO: Updated Article with id:2 [] []
[2024-07-05T11:44:38.792437+00:00] article_logger.INFO: Displayed article with id: 2 [] []
[2024-07-05T11:44:40.729066+00:00] article_logger.INFO: Editing article with id: 2 [] []
[2024-07-05T11:44:42.075855+00:00] article_logger.INFO: Displayed Article List. [] []
[2024-07-05T11:44:51.433349+00:00] article_logger.INFO: Created new article with title: ASDSDASDSD [] []
[2024-07-05T11:44:51.515634+00:00] article_logger.INFO: Displayed Article List. [] []
[2024-07-05T11:44:52.735429+00:00] article_logger.INFO: Displayed article with id: 13 [] []
[2024-07-05T11:44:57.180808+00:00] article_logger.INFO: Displayed Article List. [] []
[2024-07-05T11:44:58.714121+00:00] article_logger.INFO: Displayed article with id: 2 [] []
[2024-07-05T11:45:02.580208+00:00] article_logger.INFO: Displayed Article List. [] []
[2024-07-05T11:45:22.500763+00:00] article_logger.INFO: Displayed Article List. [] []
[2024-07-08T21:31:04.045567+00:00] article_logger.INFO: Displayed Article List. [] []
[2024-07-08T23:27:18.503319+00:00] article_logger.INFO: Displayed article with id: 2 [] []
[2024-07-08T23:58:12.090880+00:00] article_logger.INFO: Displayed Article List. [] []
[2024-07-08T23:58:14.100836+00:00] article_logger.INFO: Displayed article with id: 2 [] []
[2024-07-08T23:59:03.173619+00:00] article_logger.INFO: Displayed Article List. [] []
[2024-07-08T23:59:05.050075+00:00] article_logger.INFO: Displayed article with id: 2 [] []
[2024-07-09T00:14:29.041267+00:00] article_logger.INFO: Displayed Article List. [] []
[2024-07-09T09:01:46.356579+00:00] article_logger.INFO: Displayed Article List. [] []
[2024-07-09T09:02:09.382658+00:00] article_logger.INFO: Editing article with id: 2 [] []
[2024-07-09T09:02:11.739381+00:00] article_logger.INFO: Displayed Article List. [] []
[2024-07-09T09:02:14.610085+00:00] article_logger.INFO: Editing article with id: 2 [] []
[2024-07-09T09:02:18.216171+00:00] article_logger.INFO: Updated Article with id:2 [] []
[2024-07-09T09:03:12.926200+00:00] article_logger.INFO: Editing article with id: 2 [] []
[2024-07-09T09:03:16.311534+00:00] article_logger.INFO: Updated Article with id:2 [] []
[2024-07-09T09:07:34.649089+00:00] article_logger.INFO: Editing article with id: 2 [] []
[2024-07-09T09:07:38.698008+00:00] article_logger.INFO: Updated Article with id:2 [] []
[2024-07-09T09:09:14.320141+00:00] article_logger.INFO: Displayed article with id: 2 [] []
[2024-07-09T09:09:41.029898+00:00] article_logger.INFO: Added comment to id: 2 [] []
[2024-07-09T09:09:41.150865+00:00] article_logger.INFO: Displayed article with id: 2 [] []
[2024-07-09T09:09:44.422389+00:00] article_logger.INFO: Comment with id: 1 liked [] []
[2024-07-09T09:09:44.520414+00:00] article_logger.INFO: Displayed article with id: 2 [] []
[2024-07-09T09:09:45.727503+00:00] article_logger.INFO: Comment with id: 1 liked [] []
[2024-07-09T09:09:45.828636+00:00] article_logger.INFO: Displayed article with id: 2 [] []
[2024-07-09T09:09:46.092354+00:00] article_logger.INFO: Comment with id: 1 liked [] []
[2024-07-09T09:09:46.194724+00:00] article_logger.INFO: Displayed article with id: 2 [] []
[2024-07-09T09:09:46.268112+00:00] article_logger.INFO: Comment with id: 1 liked [] []
[2024-07-09T09:09:46.378183+00:00] article_logger.INFO: Displayed article with id: 2 [] []
[2024-07-09T09:09:46.435111+00:00] article_logger.INFO: Comment with id: 1 liked [] []
[2024-07-09T09:09:46.538035+00:00] article_logger.INFO: Displayed article with id: 2 [] []
[2024-07-09T09:09:56.396057+00:00] article_logger.INFO: Added comment to id: 2 [] []
[2024-07-09T09:09:56.490500+00:00] article_logger.INFO: Displayed article with id: 2 [] []
[2024-07-09T09:10:01.891404+00:00] article_logger.INFO: Comment with id: 2 liked [] []
[2024-07-09T09:10:01.981668+00:00] article_logger.INFO: Displayed article with id: 2 [] []
[2024-07-09T09:10:05.726399+00:00] article_logger.INFO: Comment with id: 2deleted [] []
[2024-07-09T09:10:05.830409+00:00] article_logger.INFO: Displayed article with id: 2 [] []
[2024-07-09T09:10:08.253804+00:00] article_logger.INFO: Comment with id: 1 edited [] []
[2024-07-09T09:10:08.351617+00:00] article_logger.INFO: Displayed article with id: 2 [] []
[2024-07-09T09:10:12.453914+00:00] article_logger.INFO: Comment with id: 1 edited [] []
[2024-07-09T09:10:12.612956+00:00] article_logger.INFO: Displayed article with id: 2 [] []
[2024-07-09T09:10:15.048407+00:00] article_logger.INFO: Comment with id: 1 edited [] []
[2024-07-09T09:10:15.150701+00:00] article_logger.INFO: Displayed article with id: 2 [] []
[2024-07-09T09:11:54.667191+00:00] article_logger.INFO: Comment with id: 1 liked [] []
[2024-07-09T09:11:54.769339+00:00] article_logger.INFO: Displayed article with id: 2 [] []
[2024-07-09T09:12:24.210898+00:00] article_logger.INFO: Displayed article with id: 2 [] []
[2024-07-09T09:12:28.390107+00:00] article_logger.INFO: Comment with id: 1 liked [] []
[2024-07-09T09:12:28.487759+00:00] article_logger.INFO: Displayed article with id: 2 [] []
[2024-07-09T09:22:31.697892+00:00] article_logger.INFO: Displayed Article List. [] []
[2024-07-09T09:22:35.448757+00:00] article_logger.INFO: Displayed article with id: 2 [] []
[2024-07-09T09:22:36.796142+00:00] article_logger.INFO: Article with id: 2 liked [] []
[2024-07-09T09:22:36.898802+00:00] article_logger.INFO: Displayed article with id: 2 [] []
[2024-07-09T09:22:37.546192+00:00] article_logger.INFO: Article with id: 2 liked [] []
[2024-07-09T09:22:37.646532+00:00] article_logger.INFO: Displayed article with id: 2 [] []
[2024-07-09T09:22:38.197164+00:00] article_logger.INFO: Article with id: 2 liked [] []
[2024-07-09T09:22:38.294069+00:00] article_logger.INFO: Displayed article with id: 2 [] []
[2024-07-09T09:22:38.825571+00:00] article_logger.INFO: Article with id: 2 liked [] []
[2024-07-09T09:22:38.928018+00:00] article_logger.INFO: Displayed article with id: 2 [] []
[2024-07-09T09:22:39.424093+00:00] article_logger.INFO: Article with id: 2 liked [] []
[2024-07-09T09:22:39.519979+00:00] article_logger.INFO: Displayed article with id: 2 [] []
[2024-07-09T09:22:39.999180+00:00] article_logger.INFO: Article with id: 2 liked [] []
[2024-07-09T09:22:40.091279+00:00] article_logger.INFO: Displayed article with id: 2 [] []
[2024-07-09T09:22:42.020568+00:00] article_logger.INFO: Comment with id: 1 liked [] []
[2024-07-09T09:22:42.130263+00:00] article_logger.INFO: Displayed article with id: 2 [] []
[2024-07-09T09:22:43.952374+00:00] article_logger.INFO: Comment with id: 1 liked [] []
[2024-07-09T09:22:44.053111+00:00] article_logger.INFO: Displayed article with id: 2 [] []
[2024-07-09T09:22:44.858117+00:00] article_logger.INFO: Comment with id: 1 liked [] []
[2024-07-09T09:22:44.953266+00:00] article_logger.INFO: Displayed article with id: 2 [] []
[2024-07-09T09:22:52.233001+00:00] article_logger.INFO: Comment with id: 1deleted [] []
[2024-07-09T09:22:52.344583+00:00] article_logger.INFO: Displayed article with id: 2 [] []
[2024-07-09T09:23:01.232564+00:00] article_logger.INFO: Added comment to id: 2 [] []
[2024-07-09T09:23:01.351444+00:00] article_logger.INFO: Displayed article with id: 2 [] []
[2024-07-09T09:23:02.786498+00:00] article_logger.INFO: Comment with id: 3 liked [] []
[2024-07-09T09:23:02.886586+00:00] article_logger.INFO: Displayed article with id: 2 [] []
[2024-07-09T09:23:30.129513+00:00] article_logger.INFO: Displayed Article List. [] []
[2024-07-09T09:23:32.305824+00:00] article_logger.INFO: Displayed article with id: 10 [] []
[2024-07-09T09:23:35.049439+00:00] article_logger.INFO: Displayed Article List. [] []
[2024-07-09T09:23:37.547700+00:00] article_logger.INFO: Displayed article with id: 10 [] []
[2024-07-09T09:23:38.593231+00:00] article_logger.INFO: Article with id: 10 liked [] []
[2024-07-09T09:23:38.702794+00:00] article_logger.INFO: Displayed article with id: 10 [] []
[2024-07-09T09:23:39.576233+00:00] article_logger.INFO: Displayed Article List. [] []
[2024-07-09T09:23:41.979425+00:00] article_logger.INFO: Displayed article with id: 2 [] []
[2024-07-09T09:23:46.238254+00:00] article_logger.INFO: Displayed Article List. [] []
[2024-07-09T09:23:48.997276+00:00] article_logger.INFO: Displayed article with id: 10 [] []
[2024-07-09T09:24:37.365222+00:00] article_logger.INFO: Displayed article with id: 2 [] []
[2024-07-09T09:32:57.863998+00:00] article_logger.INFO: Displayed article with id: 2 [] []
[2024-07-09T09:32:59.602372+00:00] article_logger.INFO: Article with id: 2 liked [] []
[2024-07-09T09:32:59.819522+00:00] article_logger.INFO: Displayed article with id: 2 [] []
[2024-07-09T09:33:02.048877+00:00] article_logger.INFO: Comment with id: 3 liked [] []
[2024-07-09T09:33:02.168077+00:00] article_logger.INFO: Displayed article with id: 2 [] []
[2024-07-09T09:33:04.571730+00:00] article_logger.INFO: Comment with id: 3 liked [] []
[2024-07-09T09:33:05.929090+00:00] article_logger.INFO: Comment with id: 3 liked [] []
[2024-07-09T09:33:06.726860+00:00] article_logger.INFO: Comment with id: 3 liked [] []
[2024-07-09T09:33:07.217311+00:00] article_logger.INFO: Displayed article with id: 2 [] []
[2024-07-09T09:33:07.761550+00:00] article_logger.INFO: Comment with id: 3 liked [] []
[2024-07-09T09:33:07.954348+00:00] article_logger.INFO: Displayed article with id: 2 [] []
[2024-07-09T09:34:15.206591+00:00] article_logger.INFO: Displayed Article List. [] []
[2024-07-09T09:34:16.893601+00:00] article_logger.INFO: Editing article with id: 2 [] []
[2024-07-09T09:34:21.258115+00:00] article_logger.INFO: Updated Article with id:2 [] []
[2024-07-09T09:34:21.371159+00:00] article_logger.INFO: Displayed article with id: 2 [] []
[2024-07-09T09:34:23.668675+00:00] article_logger.INFO: Displayed Article List. [] []
[2024-07-09T09:34:25.662248+00:00] article_logger.INFO: Displayed article with id: 9 [] []
[2024-07-09T09:34:28.435966+00:00] article_logger.INFO: Editing article with id: 9 [] []
[2024-07-09T09:34:32.190344+00:00] article_logger.INFO: Updated Article with id:9 [] []
[2024-07-09T09:34:32.341683+00:00] article_logger.INFO: Displayed article with id: 9 [] []
[2024-07-09T09:34:34.798047+00:00] article_logger.INFO: Displayed Article List. [] []
[2024-07-09T09:34:41.525197+00:00] article_logger.INFO: Created new article with title:  [] []
[2024-07-09T09:34:41.644028+00:00] article_logger.INFO: Displayed Article List. [] []
[2024-07-09T09:34:45.707441+00:00] article_logger.INFO: Displayed article with id: 14 [] []
[2024-07-09T09:34:47.734403+00:00] article_logger.INFO: Article with id: 14 liked [] []
[2024-07-09T09:34:47.853780+00:00] article_logger.INFO: Displayed article with id: 14 [] []
[2024-07-09T09:34:48.551019+00:00] article_logger.INFO: Article with id: 14 liked [] []
[2024-07-09T09:34:48.669798+00:00] article_logger.INFO: Displayed article with id: 14 [] []
[2024-07-09T09:34:49.546868+00:00] article_logger.INFO: Article with id: 14 liked [] []
[2024-07-09T09:34:49.658611+00:00] article_logger.INFO: Displayed article with id: 14 [] []
[2024-07-09T09:35:17.067304+00:00] article_logger.INFO: Added comment to id: 14 [] []
[2024-07-09T09:35:17.423723+00:00] article_logger.INFO: Displayed article with id: 14 [] []
[2024-07-09T09:35:26.298721+00:00] article_logger.INFO: Added comment to id: 14 [] []
[2024-07-09T09:35:26.473410+00:00] article_logger.INFO: Displayed article with id: 14 [] []
[2024-07-09T09:35:28.548587+00:00] article_logger.INFO: Comment with id: 5 liked [] []
[2024-07-09T09:35:28.663242+00:00] article_logger.INFO: Displayed article with id: 14 [] []
[2024-07-09T09:35:30.979231+00:00] article_logger.INFO: Comment with id: 5 liked [] []
[2024-07-09T09:35:31.273123+00:00] article_logger.INFO: Displayed article with id: 14 [] []
[2024-07-09T09:35:34.786877+00:00] article_logger.INFO: Comment with id: 5 liked [] []
[2024-07-09T09:35:34.899563+00:00] article_logger.INFO: Displayed article with id: 14 [] []
[2024-07-09T09:35:36.429634+00:00] article_logger.INFO: Comment with id: 4 liked [] []
[2024-07-09T09:35:36.542275+00:00] article_logger.INFO: Displayed article with id: 14 [] []
[2024-07-09T09:37:31.252818+00:00] article_logger.INFO: Comment with id: 4 liked [] []
[2024-07-09T09:37:31.377223+00:00] article_logger.INFO: Displayed article with id: 14 [] []
[2024-07-09T09:40:00.319766+00:00] article_logger.INFO: Comment with id: 5deleted [] []
[2024-07-09T09:40:00.613254+00:00] article_logger.INFO: Displayed article with id: 14 [] []
[2024-07-09T09:42:55.644020+00:00] article_logger.INFO: Article with id: 14 liked [] []
[2024-07-09T09:42:55.753025+00:00] article_logger.INFO: Displayed article with id: 14 [] []
[2024-07-09T09:42:56.791861+00:00] article_logger.INFO: Article with id: 14 liked [] []
[2024-07-09T09:42:56.933750+00:00] article_logger.INFO: Displayed article with id: 14 [] []
[2024-07-09T09:43:23.449377+00:00] article_logger.INFO: Displayed Article List. [] []
[2024-07-09T09:43:26.042908+00:00] article_logger.INFO: Displayed article with id: 2 [] []
[2024-07-09T09:45:05.727095+00:00] article_logger.INFO: Displayed article with id: 2 [] []
[2024-07-09T09:45:07.315885+00:00] article_logger.INFO: Comment with id: 3 liked [] []
[2024-07-09T09:45:07.521103+00:00] article_logger.INFO: Displayed article with id: 2 [] []
[2024-07-09T09:45:09.491519+00:00] article_logger.INFO: Displayed Article List. [] []
[2024-07-09T09:45:10.673088+00:00] article_logger.INFO: Displayed article with id: 2 [] []
[2024-07-09T09:45:13.000124+00:00] article_logger.INFO: Comment with id: 3 liked [] []
[2024-07-09T09:45:13.140474+00:00] article_logger.INFO: Displayed article with id: 2 [] []
[2024-07-09T09:45:13.216615+00:00] article_logger.INFO: Comment with id: 3 liked [] []
[2024-07-09T09:45:13.401595+00:00] article_logger.INFO: Displayed article with id: 2 [] []
[2024-07-09T09:47:00.211724+00:00] article_logger.INFO: Comment with id: 3 liked [] []
[2024-07-09T09:47:00.379981+00:00] article_logger.INFO: Displayed article with id: 2 [] []
[2024-07-09T09:47:28.255990+00:00] article_logger.INFO: Comment with id: 3 liked [] []
[2024-07-09T09:47:28.384667+00:00] article_logger.INFO: Displayed article with id: 2 [] []
[2024-07-09T09:47:29.111359+00:00] article_logger.INFO: Comment with id: 3 liked [] []
[2024-07-09T09:47:29.287008+00:00] article_logger.INFO: Displayed article with id: 2 [] []
[2024-07-09T09:47:32.325368+00:00] article_logger.INFO: Added comment to id: 2 [] []
[2024-07-09T09:47:32.467308+00:00] article_logger.INFO: Displayed article with id: 2 [] []
[2024-07-09T09:47:34.816982+00:00] article_logger.INFO: Comment with id: 6 liked [] []
[2024-07-09T09:47:34.957739+00:00] article_logger.INFO: Displayed article with id: 2 [] []
[2024-07-09T09:47:36.962291+00:00] article_logger.INFO: Comment with id: 6 liked [] []
[2024-07-09T09:47:37.086641+00:00] article_logger.INFO: Displayed article with id: 2 [] []
[2024-07-09T09:47:40.402683+00:00] article_logger.INFO: Comment with id: 6 liked [] []
[2024-07-09T09:47:40.518895+00:00] article_logger.INFO: Displayed article with id: 2 [] []
[2024-07-09T09:50:03.468472+00:00] article_logger.INFO: Comment with id: 6 liked [] []
[2024-07-09T09:50:03.597783+00:00] article_logger.INFO: Displayed article with id: 2 [] []
[2024-07-09T09:53:16.900261+00:00] article_logger.INFO: Displayed Article List. [] []
[2024-07-09T09:53:18.558414+00:00] article_logger.INFO: Displayed article with id: 2 [] []
[2024-07-09T09:53:21.366593+00:00] article_logger.INFO: Comment with id: 3 liked [] []
[2024-07-09T09:53:22.373735+00:00] article_logger.INFO: Displayed article with id: 2 [] []
[2024-07-09T09:53:23.699266+00:00] article_logger.INFO: Comment with id: 3 liked [] []
[2024-07-09T09:53:23.807938+00:00] article_logger.INFO: Displayed article with id: 2 [] []
[2024-07-09T09:53:24.537614+00:00] article_logger.INFO: Comment with id: 3 liked [] []
[2024-07-09T09:53:24.666159+00:00] article_logger.INFO: Displayed article with id: 2 [] []
[2024-07-09T09:53:26.298194+00:00] article_logger.INFO: Comment with id: 6 liked [] []
[2024-07-09T09:53:26.472264+00:00] article_logger.INFO: Displayed article with id: 2 [] []
[2024-07-09T09:53:28.070013+00:00] article_logger.INFO: Comment with id: 3deleted [] []
[2024-07-09T09:53:28.258786+00:00] article_logger.INFO: Displayed article with id: 2 [] []
[2024-07-09T09:53:37.287582+00:00] article_logger.INFO: Added comment to id: 2 [] []
[2024-07-09T09:53:37.791693+00:00] article_logger.INFO: Displayed article with id: 2 [] []
[2024-07-09T09:53:42.323462+00:00] article_logger.INFO: Added comment to id: 2 [] []
[2024-07-09T09:53:43.449371+00:00] article_logger.INFO: Displayed article with id: 2 [] []
[2024-07-09T09:53:45.685645+00:00] article_logger.INFO: Comment with id: 8 liked [] []
[2024-07-09T09:53:46.011381+00:00] article_logger.INFO: Displayed article with id: 2 [] []
[2024-07-09T09:53:49.023106+00:00] article_logger.INFO: Comment with id: 8 liked [] []
[2024-07-09T09:53:49.153402+00:00] article_logger.INFO: Displayed article with id: 2 [] []
[2024-07-09T09:53:51.524965+00:00] article_logger.INFO: Comment with id: 8 liked [] []
[2024-07-09T09:53:52.387177+00:00] article_logger.INFO: Displayed article with id: 2 [] []
[2024-07-09T09:54:09.568960+00:00] article_logger.INFO: Displayed Article List. [] []
[2024-07-09T09:54:13.601210+00:00] article_logger.INFO: Displayed article with id: 12 [] []
[2024-07-09T09:54:14.955616+00:00] article_logger.INFO: Article with id: 12 liked [] []
[2024-07-09T09:54:15.157481+00:00] article_logger.INFO: Displayed article with id: 12 [] []
[2024-07-09T09:54:16.486516+00:00] article_logger.INFO: Displayed Article List. [] []
[2024-07-09T09:54:22.729670+00:00] article_logger.INFO: Displayed Article List. [] []
[2024-07-09T09:54:30.818578+00:00] article_logger.INFO: Created new article with title:  [] []
[2024-07-09T09:54:30.942320+00:00] article_logger.INFO: Displayed Article List. [] []
[2024-07-09T09:54:33.612318+00:00] article_logger.INFO: Displayed article with id: 15 [] []
[2024-07-09T09:54:47.137336+00:00] article_logger.INFO: Added comment to id: 15 [] []
[2024-07-09T09:54:47.280430+00:00] article_logger.INFO: Displayed article with id: 15 [] []
[2024-07-09T09:54:52.902143+00:00] article_logger.INFO: Comment with id: 9 liked [] []
[2024-07-09T09:54:53.273279+00:00] article_logger.INFO: Displayed article with id: 15 [] []
[2024-07-09T09:54:54.356522+00:00] article_logger.INFO: Comment with id: 9deleted [] []
[2024-07-09T09:54:54.480748+00:00] article_logger.INFO: Displayed article with id: 15 [] []
[2024-07-09T09:54:56.453874+00:00] article_logger.INFO: Displayed Article List. [] []
[2024-07-09T09:58:38.481499+00:00] article_logger.INFO: Displayed article with id: 2 [] []
[2024-07-09T09:58:40.576214+00:00] article_logger.INFO: Comment with id: 6 liked [] []
[2024-07-09T09:58:40.784640+00:00] article_logger.INFO: Displayed article with id: 2 [] []
[2024-07-09T10:03:13.202749+00:00] article_logger.INFO: Displayed Article List. [] []
[2024-07-09T10:03:16.404178+00:00] article_logger.INFO: Displayed article with id: 2 [] []
[2024-07-09T10:03:17.706510+00:00] article_logger.INFO: Article with id: 2 liked [] []
[2024-07-09T10:03:17.820836+00:00] article_logger.INFO: Displayed article with id: 2 [] []
[2024-07-09T10:03:18.950587+00:00] article_logger.INFO: Displayed Article List. [] []
